🚀 Starting Comprehensive Development Setup
==========================================
📥 Importing users from legacy data...
Found 1 user records
Found 2131 unique usernames across all data sources
✅ Created 0 users, skipped 2131
📥 Importing doorcards from legacy data...
Found 10944 doorcard records
✅ Created 0 doorcards, skipped 10944
📥 Importing appointments from legacy data...
Found 184935 appointment records
Processing batch 1/185 (1-1000)
Processing batch 2/185 (1001-2000)
Processing batch 3/185 (2001-3000)
Processing batch 4/185 (3001-4000)
Processing batch 5/185 (4001-5000)
Processing batch 6/185 (5001-6000)
Processing batch 7/185 (6001-7000)
Processing batch 8/185 (7001-8000)
Processing batch 9/185 (8001-9000)
Processing batch 10/185 (9001-10000)
Processing batch 11/185 (10001-11000)
Processing batch 12/185 (11001-12000)
Processing batch 13/185 (12001-13000)
Processing batch 14/185 (13001-14000)
Processing batch 15/185 (14001-15000)
Processing batch 16/185 (15001-16000)
Processing batch 17/185 (16001-17000)
Processing batch 18/185 (17001-18000)
Processing batch 19/185 (18001-19000)
Processing batch 20/185 (19001-20000)
Processing batch 21/185 (20001-21000)
Processing batch 22/185 (21001-22000)
Processing batch 23/185 (22001-23000)
Processing batch 24/185 (23001-24000)
Processing batch 25/185 (24001-25000)
Processing batch 26/185 (25001-26000)
Processing batch 27/185 (26001-27000)
Processing batch 28/185 (27001-28000)
Processing batch 29/185 (28001-29000)
Processing batch 30/185 (29001-30000)
Processing batch 31/185 (30001-31000)
Processing batch 32/185 (31001-32000)
Processing batch 33/185 (32001-33000)
Processing batch 34/185 (33001-34000)
Processing batch 35/185 (34001-35000)
Processing batch 36/185 (35001-36000)
Processing batch 37/185 (36001-37000)
Processing batch 38/185 (37001-38000)
Processing batch 39/185 (38001-39000)
Processing batch 40/185 (39001-40000)
Processing batch 41/185 (40001-41000)
Processing batch 42/185 (41001-42000)
Processing batch 43/185 (42001-43000)
Processing batch 44/185 (43001-44000)
Processing batch 45/185 (44001-45000)
Processing batch 46/185 (45001-46000)
Processing batch 47/185 (46001-47000)
Processing batch 48/185 (47001-48000)
Processing batch 49/185 (48001-49000)
Processing batch 50/185 (49001-50000)
Processing batch 51/185 (50001-51000)
Processing batch 52/185 (51001-52000)
Processing batch 53/185 (52001-53000)
Processing batch 54/185 (53001-54000)
Processing batch 55/185 (54001-55000)
Processing batch 56/185 (55001-56000)
Processing batch 57/185 (56001-57000)
Processing batch 58/185 (57001-58000)
Processing batch 59/185 (58001-59000)
Processing batch 60/185 (59001-60000)
Processing batch 61/185 (60001-61000)
Processing batch 62/185 (61001-62000)
Processing batch 63/185 (62001-63000)
Processing batch 64/185 (63001-64000)
Processing batch 65/185 (64001-65000)
Processing batch 66/185 (65001-66000)
Processing batch 67/185 (66001-67000)
Processing batch 68/185 (67001-68000)
Processing batch 69/185 (68001-69000)
Processing batch 70/185 (69001-70000)
Processing batch 71/185 (70001-71000)
Processing batch 72/185 (71001-72000)
Processing batch 73/185 (72001-73000)
Processing batch 74/185 (73001-74000)
Processing batch 75/185 (74001-75000)
Processing batch 76/185 (75001-76000)
Processing batch 77/185 (76001-77000)
Processing batch 78/185 (77001-78000)
Processing batch 79/185 (78001-79000)
Processing batch 80/185 (79001-80000)
Processing batch 81/185 (80001-81000)
Processing batch 82/185 (81001-82000)
Processing batch 83/185 (82001-83000)
Processing batch 84/185 (83001-84000)
Processing batch 85/185 (84001-85000)
Processing batch 86/185 (85001-86000)
Processing batch 87/185 (86001-87000)
Processing batch 88/185 (87001-88000)
Processing batch 89/185 (88001-89000)
Processing batch 90/185 (89001-90000)
Processing batch 91/185 (90001-91000)
Processing batch 92/185 (91001-92000)
Processing batch 93/185 (92001-93000)
Processing batch 94/185 (93001-94000)
Processing batch 95/185 (94001-95000)
Processing batch 96/185 (95001-96000)
Processing batch 97/185 (96001-97000)
Processing batch 98/185 (97001-98000)
Processing batch 99/185 (98001-99000)
Processing batch 100/185 (99001-100000)
Processing batch 101/185 (100001-101000)
Processing batch 102/185 (101001-102000)
Processing batch 103/185 (102001-103000)
Processing batch 104/185 (103001-104000)
Processing batch 105/185 (104001-105000)
Processing batch 106/185 (105001-106000)
Processing batch 107/185 (106001-107000)
Processing batch 108/185 (107001-108000)
Processing batch 109/185 (108001-109000)
Processing batch 110/185 (109001-110000)
Processing batch 111/185 (110001-111000)
Processing batch 112/185 (111001-112000)
Processing batch 113/185 (112001-113000)
Processing batch 114/185 (113001-114000)
Processing batch 115/185 (114001-115000)
Processing batch 116/185 (115001-116000)
Processing batch 117/185 (116001-117000)
Processing batch 118/185 (117001-118000)
Processing batch 119/185 (118001-119000)
Processing batch 120/185 (119001-120000)
Processing batch 121/185 (120001-121000)
Processing batch 122/185 (121001-122000)
Processing batch 123/185 (122001-123000)
Processing batch 124/185 (123001-124000)
Processing batch 125/185 (124001-125000)
Processing batch 126/185 (125001-126000)
Processing batch 127/185 (126001-127000)
Processing batch 128/185 (127001-128000)
Processing batch 129/185 (128001-129000)
Processing batch 130/185 (129001-130000)
Processing batch 131/185 (130001-131000)
Processing batch 132/185 (131001-132000)
Processing batch 133/185 (132001-133000)
Processing batch 134/185 (133001-134000)
Processing batch 135/185 (134001-135000)
Processing batch 136/185 (135001-136000)
Processing batch 137/185 (136001-137000)
Processing batch 138/185 (137001-138000)
Processing batch 139/185 (138001-139000)
Processing batch 140/185 (139001-140000)
Processing batch 141/185 (140001-141000)
Processing batch 142/185 (141001-142000)
Processing batch 143/185 (142001-143000)
Processing batch 144/185 (143001-144000)
Processing batch 145/185 (144001-145000)
Processing batch 146/185 (145001-146000)
Processing batch 147/185 (146001-147000)
Processing batch 148/185 (147001-148000)
Processing batch 149/185 (148001-149000)
Processing batch 150/185 (149001-150000)
Processing batch 151/185 (150001-151000)
Processing batch 152/185 (151001-152000)
Processing batch 153/185 (152001-153000)
Processing batch 154/185 (153001-154000)
Processing batch 155/185 (154001-155000)
Processing batch 156/185 (155001-156000)
Processing batch 157/185 (156001-157000)
Processing batch 158/185 (157001-158000)
Processing batch 159/185 (158001-159000)
Processing batch 160/185 (159001-160000)
Processing batch 161/185 (160001-161000)
Processing batch 162/185 (161001-162000)
Processing batch 163/185 (162001-163000)
Processing batch 164/185 (163001-164000)
Processing batch 165/185 (164001-165000)
Processing batch 166/185 (165001-166000)
Processing batch 167/185 (166001-167000)
Processing batch 168/185 (167001-168000)
Processing batch 169/185 (168001-169000)
Processing batch 170/185 (169001-170000)
Processing batch 171/185 (170001-171000)
Processing batch 172/185 (171001-172000)
Processing batch 173/185 (172001-173000)
Processing batch 174/185 (173001-174000)
Processing batch 175/185 (174001-175000)
Processing batch 176/185 (175001-176000)
Processing batch 177/185 (176001-177000)
Processing batch 178/185 (177001-178000)
Processing batch 179/185 (178001-179000)
Processing batch 180/185 (179001-180000)
Processing batch 181/185 (180001-181000)
Processing batch 182/185 (181001-182000)
Processing batch 183/185 (182001-183000)
Processing batch 184/185 (183001-184000)
Processing batch 185/185 (184001-184935)
✅ Created 177130 appointments

📊 IMPORT SUMMARY
================
Users Created: 0
Doorcards Created: 0
Appointments Created: 177130
Total Errors: 0
Orphaned Appointments: 7805
Data Integrity Rate: 95.8%

📄 Detailed report saved to: import-debug-report-2025-08-07T23-13-50-965Z.json

✅ Legacy import completed successfully!
📊 Report available at: import-debug-report-2025-08-07T23-13-50-965Z.json
